Z:\DOWNLOADS\CPP\HOMEWORK1\ALARM\DEBUG\源.OBJ
Z:\DOWNLOADS\CPP\HOMEWORK1\ALARM\DEBUG\VC110.PDB
Z:\DOWNLOADS\CPP\HOMEWORK1\DEBUG\ALARM.PDB
Z:\Downloads\Cpp\homework1\Alarm\Debug\源.obj
Z:\Downloads\Cpp\homework1\Alarm\Debug\cl.command.1.tlog
Z:\Downloads\Cpp\homework1\Alarm\Debug\cl.read.1.tlog
Z:\Downloads\Cpp\homework1\Alarm\Debug\cl.write.1.tlog
Z:\Downloads\Cpp\homework1\Alarm\Debug\link-cvtres.read.1.tlog
Z:\Downloads\Cpp\homework1\Alarm\Debug\link-cvtres.write.1.tlog
Z:\Downloads\Cpp\homework1\Alarm\Debug\link-rc.read.1.tlog
Z:\Downloads\Cpp\homework1\Alarm\Debug\link-rc.write.1.tlog
Z:\Downloads\Cpp\homework1\Alarm\Debug\link.4428-cvtres.read.1.tlog
Z:\Downloads\Cpp\homework1\Alarm\Debug\link.4428-cvtres.write.1.tlog
Z:\Downloads\Cpp\homework1\Alarm\Debug\link.4428-rc.read.1.tlog
Z:\Downloads\Cpp\homework1\Alarm\Debug\link.4428-rc.write.1.tlog
Z:\Downloads\Cpp\homework1\Alarm\Debug\link.4428.read.1.tlog
Z:\Downloads\Cpp\homework1\Alarm\Debug\link.4428.write.1.tlog
Z:\Downloads\Cpp\homework1\Alarm\Debug\link.5188-cvtres.read.1.tlog
Z:\Downloads\Cpp\homework1\Alarm\Debug\link.5188-cvtres.write.1.tlog
Z:\Downloads\Cpp\homework1\Alarm\Debug\link.5188-rc.read.1.tlog
Z:\Downloads\Cpp\homework1\Alarm\Debug\link.5188-rc.write.1.tlog
Z:\Downloads\Cpp\homework1\Alarm\Debug\link.5188.read.1.tlog
Z:\Downloads\Cpp\homework1\Alarm\Debug\link.5188.write.1.tlog
Z:\Downloads\Cpp\homework1\Alarm\Debug\link.5424-cvtres.read.1.tlog
Z:\Downloads\Cpp\homework1\Alarm\Debug\link.5424-cvtres.write.1.tlog
Z:\Downloads\Cpp\homework1\Alarm\Debug\link.5424-rc.read.1.tlog
Z:\Downloads\Cpp\homework1\Alarm\Debug\link.5424-rc.write.1.tlog
Z:\Downloads\Cpp\homework1\Alarm\Debug\link.5424.read.1.tlog
Z:\Downloads\Cpp\homework1\Alarm\Debug\link.5424.write.1.tlog
Z:\Downloads\Cpp\homework1\Alarm\Debug\link.command.1.tlog
Z:\Downloads\Cpp\homework1\Alarm\Debug\link.read.1.tlog
Z:\Downloads\Cpp\homework1\Alarm\Debug\link.write.1.tlog
Z:\Downloads\Cpp\homework1\Alarm\Debug\vc110.idb
Z:\Downloads\Cpp\homework1\Alarm\Debug\vc110.pdb
Z:\Downloads\Cpp\homework1\Debug\Alarm.pdb
Z:\Downloads\Cpp\homework1\Debug\Alarm.exe
Z:\Downloads\Cpp\homework1\Debug\Alarm.ilk
