Z:\DOWNLOADS\CPP\HOMEWORK1\COMPANY\DEBUG\VC110.PDB
Z:\DOWNLOADS\CPP\HOMEWORK1\COMPANY\DEBUG\SOURCE.OBJ
Z:\DOWNLOADS\CPP\HOMEWORK1\DEBUG\COMPANY.ILK
Z:\DOWNLOADS\CPP\HOMEWORK1\DEBUG\COMPANY.EXE
Z:\DOWNLOADS\CPP\HOMEWORK1\DEBUG\COMPANY.PDB
Z:\Downloads\Cpp\homework1\company\Debug\source.obj
Z:\Downloads\Cpp\homework1\company\Debug\cl.command.1.tlog
Z:\Downloads\Cpp\homework1\company\Debug\cl.read.1.tlog
Z:\Downloads\Cpp\homework1\company\Debug\cl.write.1.tlog
Z:\Downloads\Cpp\homework1\company\Debug\link-cvtres.read.1.tlog
Z:\Downloads\Cpp\homework1\company\Debug\link-cvtres.write.1.tlog
Z:\Downloads\Cpp\homework1\company\Debug\link-rc.read.1.tlog
Z:\Downloads\Cpp\homework1\company\Debug\link-rc.write.1.tlog
Z:\Downloads\Cpp\homework1\company\Debug\link.1944-cvtres.read.1.tlog
Z:\Downloads\Cpp\homework1\company\Debug\link.1944-cvtres.write.1.tlog
Z:\Downloads\Cpp\homework1\company\Debug\link.1944-rc.read.1.tlog
Z:\Downloads\Cpp\homework1\company\Debug\link.1944-rc.write.1.tlog
Z:\Downloads\Cpp\homework1\company\Debug\link.1944.read.1.tlog
Z:\Downloads\Cpp\homework1\company\Debug\link.1944.write.1.tlog
Z:\Downloads\Cpp\homework1\company\Debug\link.6016-cvtres.read.1.tlog
Z:\Downloads\Cpp\homework1\company\Debug\link.6016-cvtres.write.1.tlog
Z:\Downloads\Cpp\homework1\company\Debug\link.6016-rc.read.1.tlog
Z:\Downloads\Cpp\homework1\company\Debug\link.6016-rc.write.1.tlog
Z:\Downloads\Cpp\homework1\company\Debug\link.6016.read.1.tlog
Z:\Downloads\Cpp\homework1\company\Debug\link.6016.write.1.tlog
Z:\Downloads\Cpp\homework1\company\Debug\link.command.1.tlog
Z:\Downloads\Cpp\homework1\company\Debug\link.read.1.tlog
Z:\Downloads\Cpp\homework1\company\Debug\link.write.1.tlog
Z:\Downloads\Cpp\homework1\company\Debug\vc110.idb
Z:\Downloads\Cpp\homework1\company\Debug\vc110.pdb
Z:\Downloads\Cpp\homework1\Debug\company.pdb
Z:\Downloads\Cpp\homework1\Debug\company.exe
Z:\Downloads\Cpp\homework1\Debug\company.ilk
