\\VMWARE-HOST\SHARED FOLDERS\文稿\VISUAL STUDIO 2012\PROJECTS\字母计数器\CONSOLEAPPLICATION3\DEBUG\CONSOLEAPPLICATION3.OBJ
\\VMWARE-HOST\SHARED FOLDERS\文稿\VISUAL STUDIO 2012\PROJECTS\字母计数器\CONSOLEAPPLICATION3\DEBUG\VC110.PDB
\\VMWARE-HOST\SHARED FOLDERS\文稿\VISUAL STUDIO 2012\PROJECTS\字母计数器\DEBUG\CONSOLEAPPLICATION3.ILK
\\VMWARE-HOST\SHARED FOLDERS\文稿\VISUAL STUDIO 2012\PROJECTS\字母计数器\DEBUG\CONSOLEAPPLICATION3.EXE
\\VMWARE-HOST\SHARED FOLDERS\文稿\VISUAL STUDIO 2012\PROJECTS\字母计数器\DEBUG\CONSOLEAPPLICATION3.PDB
\\vmware-host\Shared Folders\文稿\Visual Studio 2012\Projects\字母计数器\ConsoleApplication3\Debug\ConsoleApplication3.obj
\\vmware-host\Shared Folders\文稿\Visual Studio 2012\Projects\字母计数器\ConsoleApplication3\Debug\stdafx.obj
\\vmware-host\Shared Folders\文稿\Visual Studio 2012\Projects\字母计数器\ConsoleApplication3\Debug\cl.command.1.tlog
\\vmware-host\Shared Folders\文稿\Visual Studio 2012\Projects\字母计数器\ConsoleApplication3\Debug\CL.read.1.tlog
\\vmware-host\Shared Folders\文稿\Visual Studio 2012\Projects\字母计数器\ConsoleApplication3\Debug\CL.write.1.tlog
\\vmware-host\Shared Folders\文稿\Visual Studio 2012\Projects\字母计数器\ConsoleApplication3\Debug\link-cvtres.read.1.tlog
\\vmware-host\Shared Folders\文稿\Visual Studio 2012\Projects\字母计数器\ConsoleApplication3\Debug\link-cvtres.write.1.tlog
\\vmware-host\Shared Folders\文稿\Visual Studio 2012\Projects\字母计数器\ConsoleApplication3\Debug\link-rc.read.1.tlog
\\vmware-host\Shared Folders\文稿\Visual Studio 2012\Projects\字母计数器\ConsoleApplication3\Debug\link-rc.write.1.tlog
\\vmware-host\Shared Folders\文稿\Visual Studio 2012\Projects\字母计数器\ConsoleApplication3\Debug\link.1012-cvtres.read.1.tlog
\\vmware-host\Shared Folders\文稿\Visual Studio 2012\Projects\字母计数器\ConsoleApplication3\Debug\link.1012-cvtres.write.1.tlog
\\vmware-host\Shared Folders\文稿\Visual Studio 2012\Projects\字母计数器\ConsoleApplication3\Debug\link.1012-rc.read.1.tlog
\\vmware-host\Shared Folders\文稿\Visual Studio 2012\Projects\字母计数器\ConsoleApplication3\Debug\link.1012-rc.write.1.tlog
\\vmware-host\Shared Folders\文稿\Visual Studio 2012\Projects\字母计数器\ConsoleApplication3\Debug\link.1012.read.1.tlog
\\vmware-host\Shared Folders\文稿\Visual Studio 2012\Projects\字母计数器\ConsoleApplication3\Debug\link.1012.write.1.tlog
\\vmware-host\Shared Folders\文稿\Visual Studio 2012\Projects\字母计数器\ConsoleApplication3\Debug\link.1744-cvtres.read.1.tlog
\\vmware-host\Shared Folders\文稿\Visual Studio 2012\Projects\字母计数器\ConsoleApplication3\Debug\link.1744-cvtres.write.1.tlog
\\vmware-host\Shared Folders\文稿\Visual Studio 2012\Projects\字母计数器\ConsoleApplication3\Debug\link.1744-rc.read.1.tlog
\\vmware-host\Shared Folders\文稿\Visual Studio 2012\Projects\字母计数器\ConsoleApplication3\Debug\link.1744-rc.write.1.tlog
\\vmware-host\Shared Folders\文稿\Visual Studio 2012\Projects\字母计数器\ConsoleApplication3\Debug\link.1744.read.1.tlog
\\vmware-host\Shared Folders\文稿\Visual Studio 2012\Projects\字母计数器\ConsoleApplication3\Debug\link.1744.write.1.tlog
\\vmware-host\Shared Folders\文稿\Visual Studio 2012\Projects\字母计数器\ConsoleApplication3\Debug\link.2760-cvtres.read.1.tlog
\\vmware-host\Shared Folders\文稿\Visual Studio 2012\Projects\字母计数器\ConsoleApplication3\Debug\link.2760-cvtres.write.1.tlog
\\vmware-host\Shared Folders\文稿\Visual Studio 2012\Projects\字母计数器\ConsoleApplication3\Debug\link.2760-rc.read.1.tlog
\\vmware-host\Shared Folders\文稿\Visual Studio 2012\Projects\字母计数器\ConsoleApplication3\Debug\link.2760-rc.write.1.tlog
\\vmware-host\Shared Folders\文稿\Visual Studio 2012\Projects\字母计数器\ConsoleApplication3\Debug\link.2760.read.1.tlog
\\vmware-host\Shared Folders\文稿\Visual Studio 2012\Projects\字母计数器\ConsoleApplication3\Debug\link.2760.write.1.tlog
\\vmware-host\Shared Folders\文稿\Visual Studio 2012\Projects\字母计数器\ConsoleApplication3\Debug\link.3284-cvtres.read.1.tlog
\\vmware-host\Shared Folders\文稿\Visual Studio 2012\Projects\字母计数器\ConsoleApplication3\Debug\link.3284-cvtres.write.1.tlog
\\vmware-host\Shared Folders\文稿\Visual Studio 2012\Projects\字母计数器\ConsoleApplication3\Debug\link.3284-rc.read.1.tlog
\\vmware-host\Shared Folders\文稿\Visual Studio 2012\Projects\字母计数器\ConsoleApplication3\Debug\link.3284-rc.write.1.tlog
\\vmware-host\Shared Folders\文稿\Visual Studio 2012\Projects\字母计数器\ConsoleApplication3\Debug\link.3284.read.1.tlog
\\vmware-host\Shared Folders\文稿\Visual Studio 2012\Projects\字母计数器\ConsoleApplication3\Debug\link.3284.write.1.tlog
\\vmware-host\Shared Folders\文稿\Visual Studio 2012\Projects\字母计数器\ConsoleApplication3\Debug\link.3292-cvtres.read.1.tlog
\\vmware-host\Shared Folders\文稿\Visual Studio 2012\Projects\字母计数器\ConsoleApplication3\Debug\link.3292-cvtres.write.1.tlog
\\vmware-host\Shared Folders\文稿\Visual Studio 2012\Projects\字母计数器\ConsoleApplication3\Debug\link.3292-rc.read.1.tlog
\\vmware-host\Shared Folders\文稿\Visual Studio 2012\Projects\字母计数器\ConsoleApplication3\Debug\link.3292-rc.write.1.tlog
\\vmware-host\Shared Folders\文稿\Visual Studio 2012\Projects\字母计数器\ConsoleApplication3\Debug\link.3292.read.1.tlog
\\vmware-host\Shared Folders\文稿\Visual Studio 2012\Projects\字母计数器\ConsoleApplication3\Debug\link.3292.write.1.tlog
\\vmware-host\Shared Folders\文稿\Visual Studio 2012\Projects\字母计数器\ConsoleApplication3\Debug\link.4320-cvtres.read.1.tlog
\\vmware-host\Shared Folders\文稿\Visual Studio 2012\Projects\字母计数器\ConsoleApplication3\Debug\link.4320-cvtres.write.1.tlog
\\vmware-host\Shared Folders\文稿\Visual Studio 2012\Projects\字母计数器\ConsoleApplication3\Debug\link.4320-rc.read.1.tlog
\\vmware-host\Shared Folders\文稿\Visual Studio 2012\Projects\字母计数器\ConsoleApplication3\Debug\link.4320-rc.write.1.tlog
\\vmware-host\Shared Folders\文稿\Visual Studio 2012\Projects\字母计数器\ConsoleApplication3\Debug\link.4320.read.1.tlog
\\vmware-host\Shared Folders\文稿\Visual Studio 2012\Projects\字母计数器\ConsoleApplication3\Debug\link.4320.write.1.tlog
\\vmware-host\Shared Folders\文稿\Visual Studio 2012\Projects\字母计数器\ConsoleApplication3\Debug\link.4440-cvtres.read.1.tlog
\\vmware-host\Shared Folders\文稿\Visual Studio 2012\Projects\字母计数器\ConsoleApplication3\Debug\link.4440-cvtres.write.1.tlog
\\vmware-host\Shared Folders\文稿\Visual Studio 2012\Projects\字母计数器\ConsoleApplication3\Debug\link.4440-rc.read.1.tlog
\\vmware-host\Shared Folders\文稿\Visual Studio 2012\Projects\字母计数器\ConsoleApplication3\Debug\link.4440-rc.write.1.tlog
\\vmware-host\Shared Folders\文稿\Visual Studio 2012\Projects\字母计数器\ConsoleApplication3\Debug\link.4440.read.1.tlog
\\vmware-host\Shared Folders\文稿\Visual Studio 2012\Projects\字母计数器\ConsoleApplication3\Debug\link.4440.write.1.tlog
\\vmware-host\Shared Folders\文稿\Visual Studio 2012\Projects\字母计数器\ConsoleApplication3\Debug\link.5508-cvtres.read.1.tlog
\\vmware-host\Shared Folders\文稿\Visual Studio 2012\Projects\字母计数器\ConsoleApplication3\Debug\link.5508-cvtres.write.1.tlog
\\vmware-host\Shared Folders\文稿\Visual Studio 2012\Projects\字母计数器\ConsoleApplication3\Debug\link.5508-rc.read.1.tlog
\\vmware-host\Shared Folders\文稿\Visual Studio 2012\Projects\字母计数器\ConsoleApplication3\Debug\link.5508-rc.write.1.tlog
\\vmware-host\Shared Folders\文稿\Visual Studio 2012\Projects\字母计数器\ConsoleApplication3\Debug\link.5508.read.1.tlog
\\vmware-host\Shared Folders\文稿\Visual Studio 2012\Projects\字母计数器\ConsoleApplication3\Debug\link.5508.write.1.tlog
\\vmware-host\Shared Folders\文稿\Visual Studio 2012\Projects\字母计数器\ConsoleApplication3\Debug\link.5532-cvtres.read.1.tlog
\\vmware-host\Shared Folders\文稿\Visual Studio 2012\Projects\字母计数器\ConsoleApplication3\Debug\link.5532-cvtres.write.1.tlog
\\vmware-host\Shared Folders\文稿\Visual Studio 2012\Projects\字母计数器\ConsoleApplication3\Debug\link.5532-rc.read.1.tlog
\\vmware-host\Shared Folders\文稿\Visual Studio 2012\Projects\字母计数器\ConsoleApplication3\Debug\link.5532-rc.write.1.tlog
\\vmware-host\Shared Folders\文稿\Visual Studio 2012\Projects\字母计数器\ConsoleApplication3\Debug\link.5532.read.1.tlog
\\vmware-host\Shared Folders\文稿\Visual Studio 2012\Projects\字母计数器\ConsoleApplication3\Debug\link.5532.write.1.tlog
\\vmware-host\Shared Folders\文稿\Visual Studio 2012\Projects\字母计数器\ConsoleApplication3\Debug\link.6528-cvtres.read.1.tlog
\\vmware-host\Shared Folders\文稿\Visual Studio 2012\Projects\字母计数器\ConsoleApplication3\Debug\link.6528-cvtres.write.1.tlog
\\vmware-host\Shared Folders\文稿\Visual Studio 2012\Projects\字母计数器\ConsoleApplication3\Debug\link.6528-rc.read.1.tlog
\\vmware-host\Shared Folders\文稿\Visual Studio 2012\Projects\字母计数器\ConsoleApplication3\Debug\link.6528-rc.write.1.tlog
\\vmware-host\Shared Folders\文稿\Visual Studio 2012\Projects\字母计数器\ConsoleApplication3\Debug\link.6528.read.1.tlog
\\vmware-host\Shared Folders\文稿\Visual Studio 2012\Projects\字母计数器\ConsoleApplication3\Debug\link.6528.write.1.tlog
\\vmware-host\Shared Folders\文稿\Visual Studio 2012\Projects\字母计数器\ConsoleApplication3\Debug\link.command.1.tlog
\\vmware-host\Shared Folders\文稿\Visual Studio 2012\Projects\字母计数器\ConsoleApplication3\Debug\link.read.1.tlog
\\vmware-host\Shared Folders\文稿\Visual Studio 2012\Projects\字母计数器\ConsoleApplication3\Debug\link.write.1.tlog
\\vmware-host\Shared Folders\文稿\Visual Studio 2012\Projects\字母计数器\ConsoleApplication3\Debug\ConsoleApplication3.pch
\\vmware-host\Shared Folders\文稿\Visual Studio 2012\Projects\字母计数器\ConsoleApplication3\Debug\vc110.idb
\\vmware-host\Shared Folders\文稿\Visual Studio 2012\Projects\字母计数器\ConsoleApplication3\Debug\vc110.pdb
\\vmware-host\Shared Folders\文稿\Visual Studio 2012\Projects\字母计数器\Debug\ConsoleApplication3.pdb
\\vmware-host\Shared Folders\文稿\Visual Studio 2012\Projects\字母计数器\Debug\ConsoleApplication3.exe
\\vmware-host\Shared Folders\文稿\Visual Studio 2012\Projects\字母计数器\Debug\ConsoleApplication3.ilk
