\\VMWARE-HOST\SHARED FOLDERS\文稿\VISUAL STUDIO 2012\PROJECTS\CONSOLEAPPLICATION1\CONSOLEAPPLICATION1\DEBUG\STDAFX.OBJ
\\VMWARE-HOST\SHARED FOLDERS\文稿\VISUAL STUDIO 2012\PROJECTS\CONSOLEAPPLICATION1\CONSOLEAPPLICATION1\DEBUG\VC110.PDB
\\VMWARE-HOST\SHARED FOLDERS\文稿\VISUAL STUDIO 2012\PROJECTS\CONSOLEAPPLICATION1\CONSOLEAPPLICATION1\DEBUG\CONSOLEAPPLICATION1.OBJ
\\VMWARE-HOST\SHARED FOLDERS\文稿\VISUAL STUDIO 2012\PROJECTS\CONSOLEAPPLICATION1\DEBUG\CONSOLEAPPLICATION1.ILK
\\VMWARE-HOST\SHARED FOLDERS\文稿\VISUAL STUDIO 2012\PROJECTS\CONSOLEAPPLICATION1\DEBUG\CONSOLEAPPLICATION1.EXE
\\VMWARE-HOST\SHARED FOLDERS\文稿\VISUAL STUDIO 2012\PROJECTS\CONSOLEAPPLICATION1\DEBUG\CONSOLEAPPLICATION1.PDB
\\vmware-host\Shared Folders\文稿\Visual Studio 2012\Projects\ConsoleApplication1\ConsoleApplication1\Debug\ConsoleApplication1.obj
\\vmware-host\Shared Folders\文稿\Visual Studio 2012\Projects\ConsoleApplication1\ConsoleApplication1\Debug\stdafx.obj
\\vmware-host\Shared Folders\文稿\Visual Studio 2012\Projects\ConsoleApplication1\ConsoleApplication1\Debug\cl.command.1.tlog
\\vmware-host\Shared Folders\文稿\Visual Studio 2012\Projects\ConsoleApplication1\ConsoleApplication1\Debug\CL.read.1.tlog
\\vmware-host\Shared Folders\文稿\Visual Studio 2012\Projects\ConsoleApplication1\ConsoleApplication1\Debug\CL.write.1.tlog
\\vmware-host\Shared Folders\文稿\Visual Studio 2012\Projects\ConsoleApplication1\ConsoleApplication1\Debug\link-cvtres.read.1.tlog
\\vmware-host\Shared Folders\文稿\Visual Studio 2012\Projects\ConsoleApplication1\ConsoleApplication1\Debug\link-cvtres.write.1.tlog
\\vmware-host\Shared Folders\文稿\Visual Studio 2012\Projects\ConsoleApplication1\ConsoleApplication1\Debug\link-rc.read.1.tlog
\\vmware-host\Shared Folders\文稿\Visual Studio 2012\Projects\ConsoleApplication1\ConsoleApplication1\Debug\link-rc.write.1.tlog
\\vmware-host\Shared Folders\文稿\Visual Studio 2012\Projects\ConsoleApplication1\ConsoleApplication1\Debug\link.3836-cvtres.read.1.tlog
\\vmware-host\Shared Folders\文稿\Visual Studio 2012\Projects\ConsoleApplication1\ConsoleApplication1\Debug\link.3836-cvtres.write.1.tlog
\\vmware-host\Shared Folders\文稿\Visual Studio 2012\Projects\ConsoleApplication1\ConsoleApplication1\Debug\link.3836-rc.read.1.tlog
\\vmware-host\Shared Folders\文稿\Visual Studio 2012\Projects\ConsoleApplication1\ConsoleApplication1\Debug\link.3836-rc.write.1.tlog
\\vmware-host\Shared Folders\文稿\Visual Studio 2012\Projects\ConsoleApplication1\ConsoleApplication1\Debug\link.3836.read.1.tlog
\\vmware-host\Shared Folders\文稿\Visual Studio 2012\Projects\ConsoleApplication1\ConsoleApplication1\Debug\link.3836.write.1.tlog
\\vmware-host\Shared Folders\文稿\Visual Studio 2012\Projects\ConsoleApplication1\ConsoleApplication1\Debug\link.8012-cvtres.read.1.tlog
\\vmware-host\Shared Folders\文稿\Visual Studio 2012\Projects\ConsoleApplication1\ConsoleApplication1\Debug\link.8012-cvtres.write.1.tlog
\\vmware-host\Shared Folders\文稿\Visual Studio 2012\Projects\ConsoleApplication1\ConsoleApplication1\Debug\link.8012-rc.read.1.tlog
\\vmware-host\Shared Folders\文稿\Visual Studio 2012\Projects\ConsoleApplication1\ConsoleApplication1\Debug\link.8012-rc.write.1.tlog
\\vmware-host\Shared Folders\文稿\Visual Studio 2012\Projects\ConsoleApplication1\ConsoleApplication1\Debug\link.8012.read.1.tlog
\\vmware-host\Shared Folders\文稿\Visual Studio 2012\Projects\ConsoleApplication1\ConsoleApplication1\Debug\link.8012.write.1.tlog
\\vmware-host\Shared Folders\文稿\Visual Studio 2012\Projects\ConsoleApplication1\ConsoleApplication1\Debug\link.command.1.tlog
\\vmware-host\Shared Folders\文稿\Visual Studio 2012\Projects\ConsoleApplication1\ConsoleApplication1\Debug\link.read.1.tlog
\\vmware-host\Shared Folders\文稿\Visual Studio 2012\Projects\ConsoleApplication1\ConsoleApplication1\Debug\link.write.1.tlog
\\vmware-host\Shared Folders\文稿\Visual Studio 2012\Projects\ConsoleApplication1\ConsoleApplication1\Debug\ConsoleApplication1.pch
\\vmware-host\Shared Folders\文稿\Visual Studio 2012\Projects\ConsoleApplication1\ConsoleApplication1\Debug\vc110.idb
\\vmware-host\Shared Folders\文稿\Visual Studio 2012\Projects\ConsoleApplication1\ConsoleApplication1\Debug\vc110.pdb
\\vmware-host\Shared Folders\文稿\Visual Studio 2012\Projects\ConsoleApplication1\Debug\ConsoleApplication1.pdb
\\vmware-host\Shared Folders\文稿\Visual Studio 2012\Projects\ConsoleApplication1\Debug\ConsoleApplication1.exe
\\vmware-host\Shared Folders\文稿\Visual Studio 2012\Projects\ConsoleApplication1\Debug\ConsoleApplication1.ilk
